<?xml version="1.0" encoding="UTF-8"?>
<testng-results ignored="0" total="1" passed="1" failed="0" skipped="0">
  <reporter-output>
  </reporter-output>
  <suite started-at="2023-07-27T16:45:05 IST" name="Default suite" finished-at="2023-07-27T16:45:37 IST" duration-ms="31944">
    <groups>
    </groups>
    <test started-at="2023-07-27T16:45:05 IST" name="Default test" finished-at="2023-07-27T16:45:37 IST" duration-ms="31944">
      <class name="orange.Orange">
        <test-method signature="launch()[pri:0, instance:orange.Orange@13b13b5d]" started-at="2023-07-27T16:45:06 IST" name="launch" finished-at="2023-07-27T16:45:37 IST" duration-ms="31868" status="PASS">
          <reporter-output>
          </reporter-output>
        </test-method> <!-- launch -->
      </class> <!-- orange.Orange -->
    </test> <!-- Default test -->
  </suite> <!-- Default suite -->
</testng-results>
